Using pre-set license
Built from '2020.3/staging' branch; Version is '2020.3.28f1 (f5400f52e03f) revision 16072719'; Using compiler version '192528614'; Build Type 'Release'
OS: 'Windows 11  (10.0.22000) 64bit Professional' Language: 'en' Physical Memory: 8082 MB
BatchMode: 1, IsHumanControllingUs: 0, StartBugReporterOnCrash: 0, Is64bit: 1, IsPro: 0

COMMAND LINE ARGUMENTS:
C:\Program Files\Unity\Hub\Editor\2020.3.28f1\Editor\Unity.exe
-adb2
-batchMode
-noUpm
-name
AssetImportWorker0
-projectPath
C:/Unity Project/Epitech-Jam/Le Flambeur
-logFile
Logs/AssetImportWorker0.log
-srvPort
53351
Successfully changed project path to: C:/Unity Project/Epitech-Jam/Le Flambeur
C:/Unity Project/Epitech-Jam/Le Flambeur
Using Asset Import Pipeline V2.
Refreshing native plugins compatible for Editor in 50.54 ms, found 3 plugins.
Preloading 0 native plugins for Editor in 0.00 ms.
Initialize engine version: 2020.3.28f1 (f5400f52e03f)
[Subsystems] Discovering subsystems at path C:/Program Files/Unity/Hub/Editor/2020.3.28f1/Editor/Data/Resources/UnitySubsystems
[Subsystems] Discovering subsystems at path C:/Unity Project/Epitech-Jam/Le Flambeur/Assets
GfxDevice: creating device client; threaded=0
Direct3D:
    Version:  Direct3D 11.0 [level 11.1]
    Renderer: Intel(R) UHD Graphics 620 (ID=0x5917)
    Vendor:   
    VRAM:     4041 MB
    Driver:   30.0.101.1122
Initialize mono
Mono path[0] = 'C:/Program Files/Unity/Hub/Editor/2020.3.28f1/Editor/Data/Managed'
Mono path[1] = 'C:/Program Files/Unity/Hub/Editor/2020.3.28f1/Editor/Data/MonoBleedingEdge/lib/mono/unityjit'
Mono config path = 'C:/Program Files/Unity/Hub/Editor/2020.3.28f1/Editor/Data/MonoBleedingEdge/etc'
Using monoOptions --debugger-agent=transport=dt_socket,embedding=1,server=y,suspend=n,address=127.0.0.1:56936
Begin MonoManager ReloadAssembly
Registering precompiled unity dll's ...
Register platform support module: C:/Program Files/Unity/Hub/Editor/2020.3.28f1/Editor/Data/PlaybackEngines/WindowsStandaloneSupport/UnityEditor.WindowsStandalone.Extensions.dll
Registered in 0.002861 seconds.
Native extension for WindowsStandalone target not found
Refreshing native plugins compatible for Editor in 56.25 ms, found 3 plugins.
Preloading 0 native plugins for Editor in 0.00 ms.
Mono: successfully reloaded assembly
- Completed reload, in  0.715 seconds
Domain Reload Profiling:
	ReloadAssembly (715ms)
		BeginReloadAssembly (101ms)
			ExecutionOrderSort (0ms)
			DisableScriptedObjects (0ms)
			BackupInstance (0ms)
			ReleaseScriptingObjects (0ms)
			CreateAndSetChildDomain (2ms)
		EndReloadAssembly (528ms)
			LoadAssemblies (94ms)
			RebuildTransferFunctionScriptingTraits (0ms)
			SetupTypeCache (165ms)
			ReleaseScriptCaches (0ms)
			RebuildScriptCaches (43ms)
			SetupLoadedEditorAssemblies (197ms)
				LogAssemblyErrors (0ms)
				InitializePlatformSupportModulesInManaged (5ms)
				SetLoadedEditorAssemblies (0ms)
				RefreshPlugins (56ms)
				BeforeProcessingInitializeOnLoad (9ms)
				ProcessInitializeOnLoadAttributes (93ms)
				ProcessInitializeOnLoadMethodAttributes (34ms)
				AfterProcessingInitializeOnLoad (0ms)
				EditorAssembliesLoaded (0ms)
			ExecutionOrderSort2 (0ms)
			AwakeInstancesAfterBackupRestoration (0ms)
Platform modules already initialized, skipping
Registering precompiled user dll's ...
Registered in 0.008935 seconds.
Begin MonoManager ReloadAssembly
Native extension for WindowsStandalone target not found
Refreshing native plugins compatible for Editor in 98.97 ms, found 3 plugins.
Preloading 0 native plugins for Editor in 0.00 ms.
Mono: successfully reloaded assembly
- Completed reload, in  1.588 seconds
Domain Reload Profiling:
	ReloadAssembly (1590ms)
		BeginReloadAssembly (190ms)
			ExecutionOrderSort (0ms)
			DisableScriptedObjects (6ms)
			BackupInstance (0ms)
			ReleaseScriptingObjects (0ms)
			CreateAndSetChildDomain (20ms)
		EndReloadAssembly (1314ms)
			LoadAssemblies (139ms)
			RebuildTransferFunctionScriptingTraits (0ms)
			SetupTypeCache (350ms)
			ReleaseScriptCaches (1ms)
			RebuildScriptCaches (90ms)
			SetupLoadedEditorAssemblies (436ms)
				LogAssemblyErrors (0ms)
				InitializePlatformSupportModulesInManaged (6ms)
				SetLoadedEditorAssemblies (0ms)
				RefreshPlugins (99ms)
				BeforeProcessingInitializeOnLoad (86ms)
				ProcessInitializeOnLoadAttributes (221ms)
				ProcessInitializeOnLoadMethodAttributes (16ms)
				AfterProcessingInitializeOnLoad (7ms)
				EditorAssembliesLoaded (0ms)
			ExecutionOrderSort2 (0ms)
			AwakeInstancesAfterBackupRestoration (6ms)
Platform modules already initialized, skipping
========================================================================
Worker process is ready to serve import requests
Launched and connected shader compiler UnityShaderCompiler.exe after 0.08 seconds
Refreshing native plugins compatible for Editor in 0.46 ms, found 3 plugins.
Preloading 0 native plugins for Editor in 0.00 ms.
Unloading 2196 Unused Serialized files (Serialized files now loaded: 0)
System memory in use before: 95.9 MB.
System memory in use after: 95.8 MB.

Unloading 34 unused Assets to reduce memory usage. Loaded Objects now: 2623.
Total: 3.205100 ms (FindLiveObjects: 0.191300 ms CreateObjectMapping: 0.090900 ms MarkObjects: 2.782400 ms  DeleteObjects: 0.139400 ms)

AssetImportParameters requested are different than current active one (requested -> active):
  custom:framework-win-MediaFoundation: 216162199b28c13a410421893ffa2e32 -> 
  custom:video-decoder-ogg-theora: a1e56fd34408186e4bbccfd4996cb3dc -> 
  custom:container-muxer-webm: aa71ff27fc2769a1b78a27578f13a17b -> 
  custom:container-demuxer-webm: 4f35f7cbe854078d1ac9338744f61a02 -> 
  custom:container-demuxer-ogg: 62fdf1f143b41e24485cea50d1cbac27 -> 
  custom:video-encoder-webm-vp8: eb34c28f22e8b96e1ab97ce403110664 -> 
  custom:video-decoder-webm-vp8: 9c59270c3fd7afecdb556c50c9e8de78 -> 
  custom:audio-decoder-ogg-vorbis: bf7c407c2cedff20999df2af8eb42d56 -> 
  custom:audio-encoder-webm-vorbis: bf7c407c2cedff20999df2af8eb42d56 -> 
========================================================================
Received Import Request.
  path: Assets/Scenes/New Scene.unity
  artifactKey: Guid(9b746e63181f09847aa6789fd24dbc1e) Importer(815301076,1909f56bfc062723c751e8b465ee728b)
Start importing Assets/Scenes/New Scene.unity using Guid(9b746e63181f09847aa6789fd24dbc1e) Importer(815301076,1909f56bfc062723c751e8b465ee728b)  -> (artifact id: 'd0193912b30f3f0d5aa2ad47859c62d4') in 0.015620 seconds 
  Import took 0.019655 seconds .

========================================================================
Received Import Request.
  Time since last request: 41.156472 seconds.
  path: Assets/Scenes/HorseRace.unity
  artifactKey: Guid(9b746e63181f09847aa6789fd24dbc1e) Importer(815301076,1909f56bfc062723c751e8b465ee728b)
Start importing Assets/Scenes/HorseRace.unity using Guid(9b746e63181f09847aa6789fd24dbc1e) Importer(815301076,1909f56bfc062723c751e8b465ee728b)  -> (artifact id: 'ff9fda7a827d6215faa2de85509a511d') in 0.009294 seconds 
  Import took 0.016095 seconds .

========================================================================
Received Import Request.
  Time since last request: 26.756851 seconds.
  path: Assets/Scenes/DiceGame.unity
  artifactKey: Guid(0c656cd72c8cadc4f85278dddb16115b) Importer(815301076,1909f56bfc062723c751e8b465ee728b)
Start importing Assets/Scenes/DiceGame.unity using Guid(0c656cd72c8cadc4f85278dddb16115b) Importer(815301076,1909f56bfc062723c751e8b465ee728b)  -> (artifact id: 'b80c95f9d595be90857ec8c5936ef5d9') in 0.013075 seconds 
  Import took 0.020384 seconds .

========================================================================
Received Import Request.
  Time since last request: 27.937212 seconds.
  path: Assets/Scenes/Casino.unity
  artifactKey: Guid(0cb1b42eed3bc554aa53accc4a05b944) Importer(815301076,1909f56bfc062723c751e8b465ee728b)
Start importing Assets/Scenes/Casino.unity using Guid(0cb1b42eed3bc554aa53accc4a05b944) Importer(815301076,1909f56bfc062723c751e8b465ee728b)  -> (artifact id: '32b418aa902a50a67f5d268390aa6dfb') in 0.012293 seconds 
  Import took 0.022100 seconds .

========================================================================
Received Import Request.
  Time since last request: 95.267933 seconds.
  path: Assets/Scenes/StockMarket.unity
  artifactKey: Guid(643b6404b9e1e354e9e0360ab9e99ea4) Importer(815301076,1909f56bfc062723c751e8b465ee728b)
Start importing Assets/Scenes/StockMarket.unity using Guid(643b6404b9e1e354e9e0360ab9e99ea4) Importer(815301076,1909f56bfc062723c751e8b465ee728b)  -> (artifact id: '013e867ad484c0019312a90fb547f1e7') in 0.013882 seconds 
  Import took 0.018934 seconds .

========================================================================
Received Import Request.
  Time since last request: 9.056890 seconds.
  path: Assets/Scripts/StockMarket
  artifactKey: Guid(81de047918c4e20468c9c084ba8c966a) Importer(815301076,1909f56bfc062723c751e8b465ee728b)
Start importing Assets/Scripts/StockMarket using Guid(81de047918c4e20468c9c084ba8c966a) Importer(815301076,1909f56bfc062723c751e8b465ee728b)  -> (artifact id: '1981ba1f073414699c4b139a737aafc6') in 0.011969 seconds 
  Import took 0.016816 seconds .

========================================================================
Received Import Request.
  Time since last request: 11.544036 seconds.
  path: Assets/Scripts/Casino
  artifactKey: Guid(dd7c2f5762bbda243b016daa17291bed) Importer(815301076,1909f56bfc062723c751e8b465ee728b)
Start importing Assets/Scripts/Casino using Guid(dd7c2f5762bbda243b016daa17291bed) Importer(815301076,1909f56bfc062723c751e8b465ee728b)  -> (artifact id: 'e9ee14a7a606f3aee145e2faf07e07fc') in 0.010627 seconds 
  Import took 0.020351 seconds .

========================================================================
Received Import Request.
  Time since last request: 5.692748 seconds.
  path: Assets/Scripts/DiceGame
  artifactKey: Guid(544b235d6eece634d88b792edd3cdf5e) Importer(815301076,1909f56bfc062723c751e8b465ee728b)
Start importing Assets/Scripts/DiceGame using Guid(544b235d6eece634d88b792edd3cdf5e) Importer(815301076,1909f56bfc062723c751e8b465ee728b)  -> (artifact id: '64ec2eeee83e8c39850f2cd9779fd20f') in 0.010644 seconds 
  Import took 0.015970 seconds .

========================================================================
Received Import Request.
  Time since last request: 6.011287 seconds.
  path: Assets/Scripts/HorseRide
  artifactKey: Guid(f435335ef371bb0449499b65ed210956) Importer(815301076,1909f56bfc062723c751e8b465ee728b)
Start importing Assets/Scripts/HorseRide using Guid(f435335ef371bb0449499b65ed210956) Importer(815301076,1909f56bfc062723c751e8b465ee728b)  -> (artifact id: '7f21daf54e78ab9b5acc2a9e8e9ef55c') in 0.006740 seconds 
  Import took 0.011035 seconds .

AssetImportWorkerClient::OnTransportError - code=2 error=End of file
